{"C:\\Users\\liaojuntao\\Desktop\\source\\vue-hand-coding\\src\\reactivity\\baseHandlers.js": {"path":"C:\\Users\\liaojuntao\\Desktop\\source\\vue-hand-coding\\src\\reactivity\\baseHandlers.js","statementMap":{"0":{"start":{"line":10,"column":12},"end":{"line":10,"column":26}},"1":{"start":{"line":11,"column":12},"end":{"line":11,"column":26}},"2":{"start":{"line":12,"column":12},"end":{"line":12,"column":21}},"3":{"start":{"line":13,"column":23},"end":{"line":13,"column":32}},"4":{"start":{"line":15,"column":27},"end":{"line":15,"column":45}},"5":{"start":{"line":18,"column":3},"end":{"line":22,"column":4}},"6":{"start":{"line":19,"column":21},"end":{"line":19,"column":62}},"7":{"start":{"line":20,"column":6},"end":{"line":20,"column":33}},"8":{"start":{"line":21,"column":6},"end":{"line":21,"column":19}},"9":{"start":{"line":28,"column":3},"end":{"line":52,"column":4}},"10":{"start":{"line":44,"column":18},"end":{"line":44,"column":52}},"11":{"start":{"line":46,"column":6},"end":{"line":46,"column":37}},"12":{"start":{"line":47,"column":6},"end":{"line":47,"column":31}},"13":{"start":{"line":48,"column":6},"end":{"line":50,"column":7}},"14":{"start":{"line":49,"column":9},"end":{"line":49,"column":45}},"15":{"start":{"line":51,"column":6},"end":{"line":51,"column":16}},"16":{"start":{"line":55,"column":31},"end":{"line":60,"column":1}},"17":{"start":{"line":62,"column":39},"end":{"line":67,"column":1}}},"fnMap":{"0":{"name":"(anonymous_0)","decl":{"start":{"line":12,"column":12},"end":{"line":12,"column":13}},"loc":{"start":{"line":12,"column":18},"end":{"line":12,"column":21}},"line":12},"1":{"name":"(anonymous_1)","decl":{"start":{"line":13,"column":23},"end":{"line":13,"column":24}},"loc":{"start":{"line":13,"column":29},"end":{"line":13,"column":32}},"line":13},"2":{"name":"createSetter","decl":{"start":{"line":17,"column":9},"end":{"line":17,"column":21}},"loc":{"start":{"line":17,"column":24},"end":{"line":23,"column":1}},"line":17},"3":{"name":"set","decl":{"start":{"line":18,"column":19},"end":{"line":18,"column":22}},"loc":{"start":{"line":18,"column":53},"end":{"line":22,"column":4}},"line":18},"4":{"name":"createGetter","decl":{"start":{"line":27,"column":9},"end":{"line":27,"column":21}},"loc":{"start":{"line":27,"column":39},"end":{"line":53,"column":1}},"line":27},"5":{"name":"get","decl":{"start":{"line":28,"column":19},"end":{"line":28,"column":22}},"loc":{"start":{"line":28,"column":46},"end":{"line":52,"column":4}},"line":28}},"branchMap":{"0":{"loc":{"start":{"line":27,"column":22},"end":{"line":27,"column":37}},"type":"default-arg","locations":[{"start":{"line":27,"column":32},"end":{"line":27,"column":37}}],"line":27},"1":{"loc":{"start":{"line":48,"column":6},"end":{"line":50,"column":7}},"type":"if","locations":[{"start":{"line":48,"column":6},"end":{"line":50,"column":7}},{"start":{},"end":{}}],"line":48},"2":{"loc":{"start":{"line":49,"column":16},"end":{"line":49,"column":45}},"type":"cond-expr","locations":[{"start":{"line":49,"column":26},"end":{"line":49,"column":29}},{"start":{"line":49,"column":32},"end":{"line":49,"column":45}}],"line":49}},"s":{"0":2,"1":2,"2":2,"3":2,"4":2,"5":2,"6":3,"7":3,"8":3,"9":4,"10":13,"11":13,"12":13,"13":13,"14":2,"15":11,"16":2,"17":2},"f":{"0":0,"1":0,"2":2,"3":3,"4":4,"5":13},"b":{"0":[2],"1":[2,11],"2":[2,0]},"_coverageSchema":"1a1c01bbd47fc00a2c39e90264f33305004495a9","hash":"6c27f30f81a5356657cb36bd734130d4210948f5"}
,"C:\\Users\\liaojuntao\\Desktop\\source\\vue-hand-coding\\src\\reactivity\\effect.js": {"path":"C:\\Users\\liaojuntao\\Desktop\\source\\vue-hand-coding\\src\\reactivity\\effect.js","statementMap":{"0":{"start":{"line":1,"column":19},"end":{"line":1,"column":23}},"1":{"start":{"line":4,"column":18},"end":{"line":4,"column":31}},"2":{"start":{"line":6,"column":20},"end":{"line":14,"column":4}},"3":{"start":{"line":8,"column":6},"end":{"line":13,"column":7}},"4":{"start":{"line":9,"column":9},"end":{"line":9,"column":32}},"5":{"start":{"line":10,"column":9},"end":{"line":10,"column":21}},"6":{"start":{"line":12,"column":9},"end":{"line":12,"column":29}},"7":{"start":{"line":15,"column":3},"end":{"line":18,"column":4}},"8":{"start":{"line":17,"column":6},"end":{"line":17,"column":17}},"9":{"start":{"line":19,"column":3},"end":{"line":19,"column":41}},"10":{"start":{"line":20,"column":3},"end":{"line":20,"column":18}},"11":{"start":{"line":27,"column":17},"end":{"line":27,"column":38}},"12":{"start":{"line":28,"column":3},"end":{"line":35,"column":4}},"13":{"start":{"line":34,"column":6},"end":{"line":34,"column":50}},"14":{"start":{"line":36,"column":14},"end":{"line":36,"column":30}},"15":{"start":{"line":37,"column":3},"end":{"line":39,"column":4}},"16":{"start":{"line":38,"column":6},"end":{"line":38,"column":22}},"17":{"start":{"line":41,"column":3},"end":{"line":43,"column":4}},"18":{"start":{"line":42,"column":6},"end":{"line":42,"column":28}},"19":{"start":{"line":44,"column":3},"end":{"line":44,"column":25}},"20":{"start":{"line":49,"column":19},"end":{"line":49,"column":40}},"21":{"start":{"line":50,"column":3},"end":{"line":52,"column":4}},"22":{"start":{"line":51,"column":6},"end":{"line":51,"column":12}},"23":{"start":{"line":53,"column":16},"end":{"line":53,"column":32}},"24":{"start":{"line":54,"column":3},"end":{"line":56,"column":4}},"25":{"start":{"line":55,"column":6},"end":{"line":55,"column":12}},"26":{"start":{"line":57,"column":3},"end":{"line":60,"column":5}},"27":{"start":{"line":58,"column":6},"end":{"line":58,"column":16}}},"fnMap":{"0":{"name":"effect","decl":{"start":{"line":5,"column":16},"end":{"line":5,"column":22}},"loc":{"start":{"line":5,"column":41},"end":{"line":21,"column":1}},"line":5},"1":{"name":"(anonymous_1)","decl":{"start":{"line":6,"column":20},"end":{"line":6,"column":21}},"loc":{"start":{"line":6,"column":26},"end":{"line":14,"column":4}},"line":6},"2":{"name":"track","decl":{"start":{"line":23,"column":16},"end":{"line":23,"column":21}},"loc":{"start":{"line":23,"column":41},"end":{"line":45,"column":1}},"line":23},"3":{"name":"trigger","decl":{"start":{"line":47,"column":16},"end":{"line":47,"column":23}},"loc":{"start":{"line":47,"column":43},"end":{"line":61,"column":1}},"line":47},"4":{"name":"(anonymous_4)","decl":{"start":{"line":57,"column":16},"end":{"line":57,"column":17}},"loc":{"start":{"line":57,"column":30},"end":{"line":60,"column":4}},"line":57}},"branchMap":{"0":{"loc":{"start":{"line":5,"column":27},"end":{"line":5,"column":39}},"type":"default-arg","locations":[{"start":{"line":5,"column":37},"end":{"line":5,"column":39}}],"line":5},"1":{"loc":{"start":{"line":15,"column":3},"end":{"line":18,"column":4}},"type":"if","locations":[{"start":{"line":15,"column":3},"end":{"line":18,"column":4}},{"start":{},"end":{}}],"line":15},"2":{"loc":{"start":{"line":28,"column":3},"end":{"line":35,"column":4}},"type":"if","locations":[{"start":{"line":28,"column":3},"end":{"line":35,"column":4}},{"start":{},"end":{}}],"line":28},"3":{"loc":{"start":{"line":37,"column":3},"end":{"line":39,"column":4}},"type":"if","locations":[{"start":{"line":37,"column":3},"end":{"line":39,"column":4}},{"start":{},"end":{}}],"line":37},"4":{"loc":{"start":{"line":41,"column":3},"end":{"line":43,"column":4}},"type":"if","locations":[{"start":{"line":41,"column":3},"end":{"line":43,"column":4}},{"start":{},"end":{}}],"line":41},"5":{"loc":{"start":{"line":41,"column":7},"end":{"line":41,"column":46}},"type":"binary-expr","locations":[{"start":{"line":41,"column":7},"end":{"line":41,"column":30}},{"start":{"line":41,"column":34},"end":{"line":41,"column":46}}],"line":41},"6":{"loc":{"start":{"line":50,"column":3},"end":{"line":52,"column":4}},"type":"if","locations":[{"start":{"line":50,"column":3},"end":{"line":52,"column":4}},{"start":{},"end":{}}],"line":50},"7":{"loc":{"start":{"line":54,"column":3},"end":{"line":56,"column":4}},"type":"if","locations":[{"start":{"line":54,"column":3},"end":{"line":56,"column":4}},{"start":{},"end":{}}],"line":54}},"s":{"0":2,"1":2,"2":6,"3":10,"4":10,"5":10,"6":10,"7":6,"8":6,"9":6,"10":6,"11":13,"12":13,"13":5,"14":13,"15":13,"16":5,"17":13,"18":6,"19":13,"20":3,"21":3,"22":0,"23":3,"24":3,"25":0,"26":3,"27":4},"f":{"0":6,"1":10,"2":13,"3":3,"4":4},"b":{"0":[6],"1":[6,0],"2":[5,8],"3":[5,8],"4":[6,7],"5":[13,9],"6":[0,3],"7":[0,3]},"_coverageSchema":"1a1c01bbd47fc00a2c39e90264f33305004495a9","hash":"a660602fc739dc46810b548e60ad222056cbdd6b"}
,"C:\\Users\\liaojuntao\\Desktop\\source\\vue-hand-coding\\src\\reactivity\\reactive.js": {"path":"C:\\Users\\liaojuntao\\Desktop\\source\\vue-hand-coding\\src\\reactivity\\reactive.js","statementMap":{"0":{"start":{"line":5,"column":27},"end":{"line":5,"column":40}},"1":{"start":{"line":6,"column":34},"end":{"line":6,"column":47}},"2":{"start":{"line":8,"column":29},"end":{"line":11,"column":1}},"3":{"start":{"line":15,"column":3},"end":{"line":15,"column":68}},"4":{"start":{"line":19,"column":3},"end":{"line":24,"column":7}},"5":{"start":{"line":28,"column":3},"end":{"line":31,"column":4}},"6":{"start":{"line":29,"column":6},"end":{"line":29,"column":48}},"7":{"start":{"line":30,"column":6},"end":{"line":30,"column":20}},"8":{"start":{"line":33,"column":25},"end":{"line":33,"column":45}},"9":{"start":{"line":34,"column":3},"end":{"line":37,"column":1}},"10":{"start":{"line":35,"column":6},"end":{"line":35,"column":43}},"11":{"start":{"line":36,"column":6},"end":{"line":36,"column":26}},"12":{"start":{"line":38,"column":17},"end":{"line":38,"column":49}},"13":{"start":{"line":39,"column":3},"end":{"line":39,"column":30}},"14":{"start":{"line":40,"column":3},"end":{"line":40,"column":15}}},"fnMap":{"0":{"name":"reactive","decl":{"start":{"line":13,"column":16},"end":{"line":13,"column":24}},"loc":{"start":{"line":13,"column":33},"end":{"line":16,"column":1}},"line":13},"1":{"name":"shallowReactive","decl":{"start":{"line":18,"column":16},"end":{"line":18,"column":31}},"loc":{"start":{"line":18,"column":40},"end":{"line":25,"column":1}},"line":18},"2":{"name":"createReactiveObject","decl":{"start":{"line":27,"column":9},"end":{"line":27,"column":29}},"loc":{"start":{"line":27,"column":63},"end":{"line":41,"column":1}},"line":27}},"branchMap":{"0":{"loc":{"start":{"line":28,"column":3},"end":{"line":31,"column":4}},"type":"if","locations":[{"start":{"line":28,"column":3},"end":{"line":31,"column":4}},{"start":{},"end":{}}],"line":28},"1":{"loc":{"start":{"line":34,"column":3},"end":{"line":37,"column":1}},"type":"if","locations":[{"start":{"line":34,"column":3},"end":{"line":37,"column":1}},{"start":{},"end":{}}],"line":34}},"s":{"0":2,"1":2,"2":2,"3":3,"4":3,"5":6,"6":0,"7":0,"8":6,"9":6,"10":1,"11":1,"12":5,"13":5,"14":5},"f":{"0":3,"1":3,"2":6},"b":{"0":[0,6],"1":[1,5]},"_coverageSchema":"1a1c01bbd47fc00a2c39e90264f33305004495a9","hash":"4b3b2324d9c18cec8840a21cf9cb5eb8b5b204b3"}
,"C:\\Users\\liaojuntao\\Desktop\\source\\vue-hand-coding\\src\\reactivity\\ref.js": {"path":"C:\\Users\\liaojuntao\\Desktop\\source\\vue-hand-coding\\src\\reactivity\\ref.js","statementMap":{"0":{"start":{"line":7,"column":3},"end":{"line":9,"column":4}},"1":{"start":{"line":8,"column":6},"end":{"line":8,"column":16}},"2":{"start":{"line":11,"column":3},"end":{"line":11,"column":26}},"3":{"start":{"line":14,"column":3},"end":{"line":14,"column":31}},"4":{"start":{"line":20,"column":6},"end":{"line":20,"column":24}},"5":{"start":{"line":21,"column":6},"end":{"line":21,"column":30}},"6":{"start":{"line":24,"column":6},"end":{"line":24,"column":33}},"7":{"start":{"line":25,"column":6},"end":{"line":25,"column":22}},"8":{"start":{"line":28,"column":6},"end":{"line":29,"column":33}},"9":{"start":{"line":29,"column":9},"end":{"line":29,"column":33}},"10":{"start":{"line":30,"column":6},"end":{"line":30,"column":35}},"11":{"start":{"line":35,"column":3},"end":{"line":35,"column":45}}},"fnMap":{"0":{"name":"ref","decl":{"start":{"line":6,"column":16},"end":{"line":6,"column":19}},"loc":{"start":{"line":6,"column":25},"end":{"line":12,"column":1}},"line":6},"1":{"name":"isRef","decl":{"start":{"line":13,"column":16},"end":{"line":13,"column":21}},"loc":{"start":{"line":13,"column":27},"end":{"line":15,"column":1}},"line":13},"2":{"name":"(anonymous_2)","decl":{"start":{"line":18,"column":3},"end":{"line":18,"column":4}},"loc":{"start":{"line":18,"column":20},"end":{"line":22,"column":4}},"line":18},"3":{"name":"(anonymous_3)","decl":{"start":{"line":23,"column":3},"end":{"line":23,"column":4}},"loc":{"start":{"line":23,"column":15},"end":{"line":26,"column":4}},"line":23},"4":{"name":"(anonymous_4)","decl":{"start":{"line":27,"column":3},"end":{"line":27,"column":4}},"loc":{"start":{"line":27,"column":18},"end":{"line":31,"column":4}},"line":27},"5":{"name":"convert","decl":{"start":{"line":34,"column":9},"end":{"line":34,"column":16}},"loc":{"start":{"line":34,"column":22},"end":{"line":36,"column":1}},"line":34}},"branchMap":{"0":{"loc":{"start":{"line":7,"column":3},"end":{"line":9,"column":4}},"type":"if","locations":[{"start":{"line":7,"column":3},"end":{"line":9,"column":4}},{"start":{},"end":{}}],"line":7},"1":{"loc":{"start":{"line":14,"column":13},"end":{"line":14,"column":30}},"type":"binary-expr","locations":[{"start":{"line":14,"column":13},"end":{"line":14,"column":16}},{"start":{"line":14,"column":20},"end":{"line":14,"column":30}}],"line":14},"2":{"loc":{"start":{"line":28,"column":6},"end":{"line":29,"column":33}},"type":"if","locations":[{"start":{"line":28,"column":6},"end":{"line":29,"column":33}},{"start":{},"end":{}}],"line":28},"3":{"loc":{"start":{"line":35,"column":10},"end":{"line":35,"column":45}},"type":"cond-expr","locations":[{"start":{"line":35,"column":26},"end":{"line":35,"column":39}},{"start":{"line":35,"column":42},"end":{"line":35,"column":45}}],"line":35}},"s":{"0":2,"1":0,"2":2,"3":2,"4":0,"5":0,"6":0,"7":0,"8":0,"9":0,"10":0,"11":0},"f":{"0":2,"1":2,"2":0,"3":0,"4":0,"5":0},"b":{"0":[0,2],"1":[2,1],"2":[0,0],"3":[0,0]},"_coverageSchema":"1a1c01bbd47fc00a2c39e90264f33305004495a9","hash":"806aa26602422767592a77655b2d96c0932f1e14"}
,"C:\\Users\\liaojuntao\\Desktop\\source\\vue-hand-coding\\src\\reactivity\\shared\\index.js": {"path":"C:\\Users\\liaojuntao\\Desktop\\source\\vue-hand-coding\\src\\reactivity\\shared\\index.js","statementMap":{"0":{"start":{"line":2,"column":3},"end":{"line":2,"column":49}}},"fnMap":{"0":{"name":"isObject","decl":{"start":{"line":1,"column":16},"end":{"line":1,"column":24}},"loc":{"start":{"line":1,"column":30},"end":{"line":3,"column":1}},"line":1}},"branchMap":{"0":{"loc":{"start":{"line":2,"column":10},"end":{"line":2,"column":49}},"type":"binary-expr","locations":[{"start":{"line":2,"column":10},"end":{"line":2,"column":33}},{"start":{"line":2,"column":37},"end":{"line":2,"column":49}}],"line":2}},"s":{"0":13},"f":{"0":13},"b":{"0":[13,2]},"_coverageSchema":"1a1c01bbd47fc00a2c39e90264f33305004495a9","hash":"2fee080566a149cd950d6918609466c745c3824f"}
}
